<?xml version="1.0" encoding="UTF-8"?>
<!-- Generated by org.testng.reporters.JUnitXMLReporter -->
<testsuite ignored="0" hostname="EC2AMAZ-S11DBRH" failures="2" tests="6" name="Test" time="9.556" errors="0" timestamp="2024-03-13T07:25:08 GMT">
  <testcase classname="DifferentElements.TestNGExample" name="testCase1" time="0.778"/>
  <testcase classname="DifferentElements.TestNGExample" name="testCase2" time="0.112"/>
  <testcase classname="DifferentElements.TestNGExample" name="testCase3" time="0.068">
    <failure type="java.lang.AssertionError" message="expected [true] but found [false]">
      <![CDATA[java.lang.AssertionError: expected [true] but found [false]
at DifferentElements.TestNGExample.testCase3(TestNGExample.java:44)
at java.base/java.util.ArrayList.forEach(ArrayList.java:1511)
... Removed 31 stack frames]]>
    </failure>
  </testcase> <!-- testCase3 -->
  <testcase classname="DifferentElements.TestNGExampleFirefox" name="testCase1" time="1.035"/>
  <testcase classname="DifferentElements.TestNGExampleFirefox" name="testCase2" time="0.281"/>
  <testcase classname="DifferentElements.TestNGExampleFirefox" name="testCase3" time="0.222">
    <failure type="java.lang.AssertionError" message="expected [true] but found [false]">
      <![CDATA[java.lang.AssertionError: expected [true] but found [false]
at DifferentElements.TestNGExampleFirefox.testCase3(TestNGExampleFirefox.java:46)
at java.base/java.util.ArrayList.forEach(ArrayList.java:1511)
... Removed 31 stack frames]]>
    </failure>
  </testcase> <!-- testCase3 -->
</testsuite> <!-- Test -->
