<?xml version="1.0" encoding="UTF-8"?>
<!-- Generated by org.testng.reporters.JUnitXMLReporter -->
<testsuite ignored="0" hostname="EC2AMAZ-S11DBRH" failures="1" tests="3" name="Test" time="3.333" errors="0" timestamp="2024-03-15T06:41:21 GMT">
  <testcase classname="DifferentElements.TestNGExample" name="testCase1" time="0.813"/>
  <testcase classname="DifferentElements.TestNGExample" name="testCase2" time="0.115"/>
  <testcase classname="DifferentElements.TestNGExample" name="testCase3" time="0.064">
    <failure type="java.lang.AssertionError" message="expected [true] but found [false]">
      <![CDATA[java.lang.AssertionError: expected [true] but found [false]
at DifferentElements.TestNGExample.testCase3(TestNGExample.java:47)
at java.base/java.util.ArrayList.forEach(ArrayList.java:1511)
... Removed 31 stack frames]]>
    </failure>
  </testcase> <!-- testCase3 -->
</testsuite> <!-- Test -->
