<?xml version="1.0" encoding="UTF-8"?>
<testng-results ignored="0" total="3" passed="3" failed="0" skipped="0">
  <reporter-output>
  </reporter-output>
  <suite started-at="2024-03-22T06:42:42 GMT" name="Default suite" finished-at="2024-03-22T06:42:59 GMT" duration-ms="16944">
    <groups>
      <group name="cucumber">
        <method signature="AbstractTestNGCucumberTests.runScenario(io.cucumber.testng.PickleWrapper, io.cucumber.testng.FeatureWrapper)[pri:0, instance:Runners.GoogleSearchRunner@78123e82]" name="runScenario" class="io.cucumber.testng.AbstractTestNGCucumberTests"/>
      </group> <!-- cucumber -->
    </groups>
    <test started-at="2024-03-22T06:42:42 GMT" name="Default test" finished-at="2024-03-22T06:42:59 GMT" duration-ms="16944">
      <class name="Runners.GoogleSearchRunner">
        <test-method is-config="true" signature="setUpClass(org.testng.ITestContext)[pri:0, instance:Runners.GoogleSearchRunner@78123e82]" started-at="2024-03-22T06:42:42 GMT" name="setUpClass" finished-at="2024-03-22T06:42:43 GMT" duration-ms="840" status="PASS">
          <params>
            <param index="0">
              <value>
                <![CDATA[org.testng.TestRunner@5434e40c]]>
              </value>
            </param>
          </params>
          <reporter-output>
          </reporter-output>
        </test-method> <!-- setUpClass -->
        <test-method signature="runScenario(io.cucumber.testng.PickleWrapper, io.cucumber.testng.FeatureWrapper)[pri:0, instance:Runners.GoogleSearchRunner@78123e82]" started-at="2024-03-22T06:42:43 GMT" name="runScenario" description="Runs Cucumber Scenarios" data-provider="scenarios" finished-at="2024-03-22T06:42:48 GMT" duration-ms="5115" status="PASS">
          <params>
            <param index="0">
              <value>
                <![CDATA["Searching on Google with Parameterization"]]>
              </value>
            </param>
            <param index="1">
              <value>
                <![CDATA["Google Search"]]>
              </value>
            </param>
          </params>
          <reporter-output>
          </reporter-output>
        </test-method> <!-- runScenario -->
        <test-method signature="runScenario(io.cucumber.testng.PickleWrapper, io.cucumber.testng.FeatureWrapper)[pri:0, instance:Runners.GoogleSearchRunner@78123e82]" started-at="2024-03-22T06:42:48 GMT" name="runScenario" description="Runs Cucumber Scenarios" data-provider="scenarios" finished-at="2024-03-22T06:42:52 GMT" duration-ms="4666" status="PASS">
          <params>
            <param index="0">
              <value>
                <![CDATA["Searching on Google with Parameterization"]]>
              </value>
            </param>
            <param index="1">
              <value>
                <![CDATA["Google Search"]]>
              </value>
            </param>
          </params>
          <reporter-output>
          </reporter-output>
        </test-method> <!-- runScenario -->
        <test-method signature="runScenario(io.cucumber.testng.PickleWrapper, io.cucumber.testng.FeatureWrapper)[pri:0, instance:Runners.GoogleSearchRunner@78123e82]" started-at="2024-03-22T06:42:52 GMT" name="runScenario" description="Runs Cucumber Scenarios" data-provider="scenarios" finished-at="2024-03-22T06:42:57 GMT" duration-ms="4886" status="PASS">
          <params>
            <param index="0">
              <value>
                <![CDATA["Searching on Google with Parameterization"]]>
              </value>
            </param>
            <param index="1">
              <value>
                <![CDATA["Google Search"]]>
              </value>
            </param>
          </params>
          <reporter-output>
          </reporter-output>
        </test-method> <!-- runScenario -->
        <test-method is-config="true" signature="tearDownClass()[pri:0, instance:Runners.GoogleSearchRunner@78123e82]" started-at="2024-03-22T06:42:57 GMT" name="tearDownClass" finished-at="2024-03-22T06:42:59 GMT" duration-ms="1396" status="PASS">
          <reporter-output>
          </reporter-output>
        </test-method> <!-- tearDownClass -->
      </class> <!-- Runners.GoogleSearchRunner -->
    </test> <!-- Default test -->
  </suite> <!-- Default suite -->
</testng-results>
